<?xml version="1.0" encoding="UTF-8"?>
<!-- Generated by org.testng.reporters.JUnitReportReporter -->
<testsuite hostname="Praveen" failures="0" tests="3" name="testng.Test1" time="0.016" errors="0" timestamp="2022-11-19T19:36:35 IST" skipped="0">
  <testcase classname="testng.Test1" name="meassages" time="0.013"/>
  <system-out>
    <![CDATA[msg]]>
  </system-out>
  <testcase classname="testng.Test1" name="chats" time="0.001"/>
  <system-out>
    <![CDATA[chatting]]>
  </system-out>
  <testcase classname="testng.Test1" name="demo" time="0.002"/>
  <system-out>
    <![CDATA[hello java]]>
  </system-out>
</testsuite> <!-- testng.Test1 -->
